https://s2.demo.opensourcecms.com/sugarcrm/index.php
https://s2.demo.opensourcecms.com/sugarcrm/index.php?module=Emails&action=index&parentTab=Activities
https://s2.demo.opensourcecms.com/sugarcrm/?action=ajaxui#ajaxUILoc=index.php%3Fmodule%3DHome%26action%3Dindex%26parentTab%3DSupport
https://s2.demo.opensourcecms.com/sugarcrm/index.php?module=Employees&action=index&query=true
https://s2.demo.opensourcecms.com/sugarcrm/?action=ajaxui#ajaxUILoc=index.php%3Fmodule%3DContacts%26action%3Dindex%26parentTab%3DSupport
https://s2.demo.opensourcecms.com/sugarcrm/?action=ajaxui#ajaxUILoc=index.php%3Fmodule%3DTasks%26action%3Dindex%26parentTab%3DActivities
https://s2.demo.opensourcecms.com/sugarcrm/?action=ajaxui#ajaxUILoc=index.php%3Fmodule%3DProspects%26action%3Dindex%26parentTab%3DAll
https://s2.demo.opensourcecms.com/sugarcrm/index.php?module=Campaigns&action=index&parentTab=Marketing
https://s2.demo.opensourcecms.com/sugarcrm/?action=ajaxui#ajaxUILoc=index.php%3Fmodule%3DLeads%26action%3Dindex%26parentTab%3DSales
https://s2.demo.opensourcecms.com/sugarcrm/?action=ajaxui#ajaxUILoc=index.php%3Fmodule%3DAccounts%26action%3Dindex%26parentTab%3DSales
https://s2.demo.opensourcecms.com/sugarcrm/index.php?module=Home&action=About
https://s2.demo.opensourcecms.com/sugarcrm/index.php?module=Administration&action=index
https://s2.demo.opensourcecms.com/sugarcrm/?action=ajaxui#ajaxUILoc=index.php%3Fmodule%3DCases%26action%3Dindex%26parentTab%3DSupport
https://s2.demo.opensourcecms.com/sugarcrm/?action=ajaxui#ajaxUILoc=index.php%3Fmodule%3DLeads%26action%3Dindex%26parentTab%3DAll
https://s2.demo.opensourcecms.com/sugarcrm/?action=ajaxui#ajaxUILoc=index.php%3Fmodule%3DAccounts%26action%3Dindex%26parentTab%3DMarketing
https://s2.demo.opensourcecms.com/sugarcrm/?action=ajaxui#ajaxUILoc=index.php%3Fmodule%3DNotes%26action%3Dindex%26parentTab%3DAll
https://s2.demo.opensourcecms.com/sugarcrm/index.php?module=EmailMan&action=config
https://s2.demo.opensourcecms.com/sugarcrm/index.php?module=Emails&action=index&parentTab=All
https://s2.demo.opensourcecms.com/sugarcrm/?action=ajaxui#ajaxUILoc=index.php%3Fmodule%3DAccounts%26action%3Dindex%26parentTab%3DSupport
https://s2.demo.opensourcecms.com/sugarcrm/index.php?module=Calendar&action=index&parentTab=Activities
https://s2.demo.opensourcecms.com/sugarcrm/?action=ajaxui#ajaxUILoc=index.php%3Fmodule%3DHome%26action%3Dindex%26parentTab%3DAll
https://s2.demo.opensourcecms.com/sugarcrm/?action=ajaxui#ajaxUILoc=index.php%3Fmodule%3DMeetings%26action%3Dindex%26parentTab%3DActivities
https://s2.demo.opensourcecms.com/sugarcrm/?action=ajaxui#ajaxUILoc=index.php%3Fmodule%3DLeads%26action%3Dindex%26parentTab%3DMarketing
https://s2.demo.opensourcecms.com/sugarcrm/?action=ajaxui#ajaxUILoc=index.php%3Fmodule%3DContacts%26action%3Dindex%26parentTab%3DMarketing
https://s2.demo.opensourcecms.com/sugarcrm/?action=ajaxui#ajaxUILoc=index.php%3Fmodule%3DHome%26action%3Dindex%26parentTab%3DActivities
https://s2.demo.opensourcecms.com/sugarcrm/?action=ajaxui#ajaxUILoc=index.php%3Fmodule%3DHome%26action%3Dindex%26parentTab%3DActivities
https://s2.demo.opensourcecms.com/sugarcrm/?action=ajaxui#ajaxUILoc=index.php%3Fmodule%3DCases%26action%3Dindex%26parentTab%3DSupport
https://s2.demo.opensourcecms.com/sugarcrm/?action=ajaxui#ajaxUILoc=index.php%3Fmodule%3DLeads%26action%3Dindex%26parentTab%3DSupport
https://s2.demo.opensourcecms.com/sugarcrm/?action=ajaxui#ajaxUILoc=index.php%3Fmodule%3DAccounts%26action%3Dindex%26parentTab%3DMarketing
https://s2.demo.opensourcecms.com/sugarcrm/?action=ajaxui#ajaxUILoc=index.php%3Fmodule%3DAccounts%26action%3Dindex%26parentTab%3DAll
https://s2.demo.opensourcecms.com/sugarcrm/index.php?module=Campaigns&action=index&parentTab=All
https://s2.demo.opensourcecms.com/sugarcrm/?action=ajaxui#ajaxUILoc=index.php%3Fmodule%3DProspectLists%26action%3Dindex%26parentTab%3DAll
https://s2.demo.opensourcecms.com/sugarcrm/?action=ajaxui#ajaxUILoc=index.php%3Fmodule%3DMeetings%26action%3Dindex%26parentTab%3DActivities
https://s2.demo.opensourcecms.com/sugarcrm/?action=ajaxui#ajaxUILoc=index.php%3Fmodule%3DProspectLists%26action%3Dindex%26parentTab%3DMarketing
https://s2.demo.opensourcecms.com/sugarcrm/index.php?module=Contacts&action=ImportVCard
https://s2.demo.opensourcecms.com/sugarcrm/?action=ajaxui#ajaxUILoc=index.php%3Fmodule%3DContacts%26action%3Dindex%26parentTab%3DMarketing
https://s2.demo.opensourcecms.com/sugarcrm/sugarcrm/?action=ajaxui#ajaxUILoc=index.php%3Fmodule%3DContacts%26action%3Dindex%26parentTab%3DSales
https://s2.demo.opensourcecms.com/sugarcrm/?action=ajaxui#ajaxUILoc=index.php%3Fmodule%3DAccounts%26action%3Dindex%26parentTab%3DSales
https://s2.demo.opensourcecms.com/sugarcrm/?action=ajaxui#ajaxUILoc=index.php%3Fmodule%3DProspects%26action%3Dindex%26parentTab%3DMarketing
https://s2.demo.opensourcecms.com/sugarcrm/?action=ajaxui#ajaxUILoc=index.php%3Fmodule%3DNotes%26action%3Dindex%26parentTab%3DAll
https://s2.demo.opensourcecms.com/sugarcrm/index.php?module=Emails&action=index&parentTab=Collaboration
https://s2.demo.opensourcecms.com/sugarcrm/?action=ajaxui#ajaxUILoc=index.php%3Fmodule%3DAccounts%26action%3Dindex%26parentTab%3DSupport
https://s2.demo.opensourcecms.com/sugarcrm/index.php?module=Home&action=index
https://s2.demo.opensourcecms.com/sugarcrm/?action=ajaxui#ajaxUILoc=index.php%3Fmodule%3DNotes%26action%3Dindex%26parentTab%3DActivities
https://s2.demo.opensourcecms.com/sugarcrm/index.php?module=Home&action=About
https://s2.demo.opensourcecms.com/sugarcrm/sugarcrm/?action=ajaxui#ajaxUILoc=index.php%3Fmodule%3DOpportunities%26action%3Dindex%26parentTab%3DAll
https://s2.demo.opensourcecms.com/sugarcrm/index.php?action=wizard&module=Studio&wizard=StudioWizard&option=RenameTabs
https://s2.demo.opensourcecms.com/sugarcrm/index.php?module=Users&action=index
https://s2.demo.opensourcecms.com/sugarcrm/?action=ajaxui#ajaxUILoc=index.php%3Fmodule%3DTasks%26action%3Dindex%26parentTab%3DAll
https://s2.demo.opensourcecms.com/sugarcrm/?action=ajaxui#ajaxUILoc=index.php%3Fmodule%3DContacts%26action%3Dindex%26parentTab%3DSupport
https://s2.demo.opensourcecms.com/sugarcrm/index.php?action=Login&module=Users&login_module=Opportunities&login_action=index
https://s2.demo.opensourcecms.com/sugarcrm/?action=ajaxui#ajaxUILoc=index.php%3Fmodule%3DOpportunities%26action%3Dindex%26parentTab%3DSales
https://s2.demo.opensourcecms.com/sugarcrm/index.php?action=Login&module=Users&login_module=Emails&login_action=index
https://s2.demo.opensourcecms.com/sugarcrm/?action=ajaxui#ajaxUILoc=index.php%3Fmodule%3DLeads%26action%3Dindex%26parentTab%3DSales
https://s2.demo.opensourcecms.com/sugarcrm/?action=ajaxui#ajaxUILoc=index.php%3Fmodule%3DMeetings%26action%3Dindex%26parentTab%3DAll
https://s2.demo.opensourcecms.com/sugarcrm/index.php?action=ajaxui#ajaxUILoc=index.php%3Fmodule%3DAccounts%26action%3Dindex%26parentTab%3DMarketing