https://google.com/history/privacyadvisor/search/unauth?utm_source=googlemenu&fg=1
https://www.google.com/preferences?hl=de&fg=1
https://www.google.com/advanced_search?hl=de&fg=1
https://policies.google.com/technologies/cookies?utm_source=ucbs&hl=de
https://google.com/search/howsearchworks/?fg=1
https://google.com/?output=search&gbv=1&sei=bf5-YKmcF8zQaN68pOAG
https://www.google.com/
https://www.google.com/services/?subid=ww-ww-et-g-awa-a-g_hpbfoot1_1!o2&utm_source=google.com&utm_medium=referral&utm_campaign=google_hpbfooter&fg=1
https://google.com/search
https://accounts.google.com/ServiceLogin?hl=de&passive=true&continue=https://www.google.com/&ec=GAZAmgQ
https://www.google.com/setprefs?sig=0_NXR7aQ6ooU7ZdeGwqWqnvEmybJI%3D&hl=en&source=homepage&sa=X&ved=0ahUKEwjphoKunI3wAhVMKBoKHV4eCWwQ2ZgBCBE
https://google.com/webhp?tab=ww
https://policies.google.com/privacy?hl=de&fg=1
https://google.com/advanced_search?hl=de&fg=1
https://support.google.com/websearch/?p=ws_results_help&hl=de&fg=1
https://support.google.com/websearch?p=ws_images_usagerights&hl=de
https://support.google.com/websearch/answer/106230?hl=de
https://support.google.com/websearch?p=adv_safesearch&hl=de
https://google.com/history/optout?hl=de&fg=1
https://support.google.com/websearch?p=adv_pages_visited&hl=de
https://accounts.google.com/ServiceLogin?hl=de&passive=true&continue=https://www.google.com/advanced_search%3Fhl%3Dde%26fg%3D1&ec=GAZAAQ
https://google.com/preferences?hl=de
https://store.google.com/DE?utm_source=hp_header&utm_medium=google_ooo&utm_campaign=GS100042&hl=de-DE
https://support.google.com/websearch?p=adv_pages_similar&hl=de
https://mail.google.com/mail/&ogbl
https://support.google.com/websearch?p=adv_operators&hl=de
https://policies.google.com/terms?hl=de&fg=1
https://www.google.com/intl/de_de/ads/?subid=ww-ww-et-g-awa-a-g_hpafoot1_1!o2&utm_source=google.com&utm_medium=referral&utm_campaign=google_hpafooter&fg=1
